.,._.,._.,._.,._.,._.,._.,._.,._.,._.,._.,._.,._.,._.,._.,._.,._.,._.,._.,._.,._
-- Rates of Bra50 with mt5 in 2024-08-08 17:16:14.403534 --
-- Bra50 Período disponível: 2024-08-06 20:20:00+00:00 a 2024-08-08 22:15:00+00:00

__________ print_dataframe __________________________________________________
                              close      zone  atrs  ema20  afs aroon stoch
time                                                                       
2024-08-08 14:00:00+00:00 127390.00  09:00:00        False 0.07  down  None
2024-08-08 14:05:00+00:00 127605.00  09:05:00  True        1.11  None  None
2024-08-08 14:10:00+00:00 127575.00  09:10:00         True 0.95  None  None
2024-08-08 14:15:00+00:00 127535.00  09:15:00         True 0.66  None  None
2024-08-08 14:20:00+00:00 127425.00  09:20:00              0.12  None  None
2024-08-08 14:25:00+00:00 127455.00  09:25:00              0.09  None  None
2024-08-08 14:30:00+00:00 127645.00  09:30:00  True        1.07  None  None
2024-08-08 14:35:00+00:00 127625.00  09:35:00         True 0.88  None  None
2024-08-08 14:40:00+00:00 127615.00  09:40:00         True 0.82  None  None
2024-08-08 14:45:00+00:00 127545.00  09:45:00         True 0.34   mid  None
2024-08-08 14:50:00+00:00 127510.00  09:50:00         True 0.10   mid  None
2024-08-08 14:55:00+00:00 127430.00  09:55:00              0.49   mid  None
2024-08-08 15:00:00+00:00 127770.00  10:00:00  True        1.47    up  None
2024-08-08 15:05:00+00:00 127690.00  10:05:00         True 0.91    up  None
2024-08-08 15:10:00+00:00 127675.00  10:10:00         True 0.77    up  None
2024-08-08 15:15:00+00:00 127715.00  10:15:00         True 0.96    up  None
2024-08-08 15:20:00+00:00 127865.00  10:20:00         True 1.47  None  None
2024-08-08 15:25:00+00:00 127950.00  10:25:00         True 1.73    up  None
2024-08-08 15:30:00+00:00 127910.00  10:30:00         True 1.38    up  None
2024-08-08 15:35:00+00:00 127995.00  10:35:00         True 1.65    up  None
2024-08-08 15:40:00+00:00 127915.00  10:40:00         True 1.18  None    up
2024-08-08 15:45:00+00:00 128080.00  10:45:00         True 1.85  None    up
2024-08-08 15:50:00+00:00 128185.00  10:50:00         True 2.27  None    up
2024-08-08 15:55:00+00:00 128200.00  10:55:00         True 2.36    up    up
2024-08-08 16:00:00+00:00 128240.00  11:00:00         True 2.50    up    up
2024-08-08 16:05:00+00:00 128305.00  11:05:00         True 2.73    up    up
2024-08-08 16:10:00+00:00 128365.00  11:10:00         True 2.88    up    up
2024-08-08 16:15:00+00:00 128345.00  11:15:00         True 2.68    up    up
2024-08-08 16:20:00+00:00 128405.00  11:20:00         True 2.94    up    up
2024-08-08 16:25:00+00:00 128400.00  11:25:00         True 2.79    up    up
2024-08-08 16:30:00+00:00 128445.00  11:30:00         True 2.82    up    up
2024-08-08 16:35:00+00:00 128425.00  11:35:00         True 2.56    up    up
2024-08-08 16:40:00+00:00 128460.00  11:40:00         True 2.71    up    up
2024-08-08 16:45:00+00:00 128495.00  11:45:00         True 2.76    up    up
2024-08-08 16:50:00+00:00 128450.00  11:50:00         True 2.23    up    up
2024-08-08 16:55:00+00:00 128420.00  11:55:00         True 1.88    up    up
2024-08-08 17:00:00+00:00 128440.00  12:00:00         True 1.95   mid    up
2024-08-08 17:05:00+00:00 128460.00  12:05:00         True 2.11   mid  None
2024-08-08 17:10:00+00:00 128405.00  12:10:00         True 1.33   mid  None
2024-08-08 17:15:00+00:00 128405.00  12:15:00         True 1.29   mid  None
2024-08-08 17:20:00+00:00 128420.00  12:20:00         True 1.26   mid  None
2024-08-08 17:25:00+00:00 128470.00  12:25:00         True 1.63  None  None
2024-08-08 17:30:00+00:00 128580.00  12:30:00         True 2.28    up  None
2024-08-08 17:35:00+00:00 128560.00  12:35:00         True 2.01    up  None
2024-08-08 17:40:00+00:00 128640.00  12:40:00         True 2.55    up  None
2024-08-08 17:45:00+00:00 128660.00  12:45:00         True 2.61  None  None
2024-08-08 17:50:00+00:00 128655.00  12:50:00         True 2.48  None  None
2024-08-08 17:55:00+00:00 128645.00  12:55:00         True 2.37  None    up
2024-08-08 18:00:00+00:00 128620.00  13:00:00         True 1.96   mid    up
2024-08-08 18:05:00+00:00 128600.00  13:05:00         True 1.51   mid    up
2024-08-08 18:10:00+00:00 128555.00  13:10:00         True 0.79   mid  None
2024-08-08 18:15:00+00:00 128540.00  13:15:00         True 0.57   mid  None
2024-08-08 18:20:00+00:00 128575.00  13:20:00         True 1.06   mid  None
2024-08-08 18:25:00+00:00 128565.00  13:25:00              0.76  None  None
2024-08-08 18:30:00+00:00 128555.00  13:30:00         True 0.60  None  None
2024-08-08 18:35:00+00:00 128540.00  13:35:00              0.33  None  None
2024-08-08 18:40:00+00:00 128545.00  13:40:00              0.36  None  None
2024-08-08 18:45:00+00:00 128580.00  13:45:00         True 0.83  down  None
2024-08-08 18:50:00+00:00 128555.00  13:50:00         True 0.42  down  None
2024-08-08 18:55:00+00:00 128570.00  13:55:00         True 0.66   mid  None
2024-08-08 19:00:00+00:00 128525.00  14:00:00              0.12   mid  None
2024-08-08 19:05:00+00:00 128465.00  14:05:00              0.94  down  None
2024-08-08 19:10:00+00:00 128475.00  14:10:00        False 0.72  down  None
2024-08-08 19:15:00+00:00 128540.00  14:15:00              0.26  down  None
2024-08-08 19:20:00+00:00 128535.00  14:20:00         True 0.17  down  None
2024-08-08 19:25:00+00:00 128565.00  14:25:00         True 0.58  None  None
2024-08-08 19:30:00+00:00 128585.00  14:30:00         True 0.84  None  None
2024-08-08 19:35:00+00:00 128590.00  14:35:00         True 0.76  None  None
2024-08-08 19:40:00+00:00 128665.00  14:40:00         True 1.57  None  None
2024-08-08 19:45:00+00:00 128650.00  14:45:00         True 1.16  None  None
2024-08-08 19:50:00+00:00 128615.00  14:50:00         True 0.65  None  None
2024-08-08 19:55:00+00:00 128580.00  14:55:00              0.18  None  None
2024-08-08 20:00:00+00:00 128590.00  15:00:00              0.30   mid  None
2024-08-08 20:05:00+00:00 128570.00  15:05:00              0.01   mid  None
2024-08-08 20:10:00+00:00 128685.00  15:10:00              1.26   mid  None
2024-08-08 20:15:00+00:00 128640.00  15:15:00         True 0.67   mid  None
2024-08-08 20:20:00+00:00 128725.00  15:20:00         True 1.36    up  None
2024-08-08 20:25:00+00:00 128725.00  15:25:00         True 1.27    up  None
2024-08-08 20:30:00+00:00 128730.00  15:30:00         True 1.24    up  None
2024-08-08 20:35:00+00:00 128765.00  15:35:00         True 1.51    up  None
2024-08-08 20:40:00+00:00 128690.00  15:40:00         True 0.56    up  None
2024-08-08 20:45:00+00:00 128680.00  15:45:00         True 0.42  None  None
2024-08-08 20:50:00+00:00 128660.00  15:50:00              0.16   mid  None
2024-08-08 20:55:00+00:00 128670.00  15:55:00              0.27   mid  None
2024-08-08 21:00:00+00:00 128600.00  16:00:00              0.54   mid  None
2024-08-08 21:05:00+00:00 128580.00  16:05:00        False 0.76   mid  None
2024-08-08 21:10:00+00:00 128630.00  16:10:00              0.09   mid  None
2024-08-08 21:15:00+00:00 128615.00  16:15:00              0.27  None  None
2024-08-08 21:20:00+00:00 128575.00  16:20:00        False 0.72  None  None
2024-08-08 21:25:00+00:00 128555.00  16:25:00        False 0.97  None  None
2024-08-08 21:30:00+00:00 128575.00  16:30:00        False 0.63  None  None
2024-08-08 21:35:00+00:00 128595.00  16:35:00              0.29  down  down
2024-08-08 21:40:00+00:00 128605.00  16:40:00              0.14  down  down
2024-08-08 21:45:00+00:00 128620.00  16:45:00              0.08   mid  None
2024-08-08 21:50:00+00:00 128600.00  16:50:00              0.23   mid  None
2024-08-08 21:55:00+00:00 128575.00  16:55:00        False 0.59   mid  None
2024-08-08 22:00:00+00:00 128640.00  17:00:00              0.35  down  None
2024-08-08 22:05:00+00:00 128730.00  17:05:00         True 1.31  None  None
2024-08-08 22:10:00+00:00 128735.00  17:10:00         True 1.35  None  None
2024-08-08 22:15:00+00:00 128750.00  17:15:00         True 1.50  None  None

..........	 technical analysis 	..................................................
open                : 128725.0
high                : 128760.0
low                 : 128710.0
close               : 128735.0
zone                : 17:10:00
atrs                : 
ema20               : True
afs                 : 1.3465191256109987
aroon               : None
stoch               : None
.,._.,._.,._.,._.,._.,._.,._.,._.,._.,._.,._.,._.,._.,._.,._.,._.,._.,._.,._.,._
-- Rates of Bra50 with mt5 in 2024-08-08 17:17:27.296003 --
.,._.,._.,._.,._.,._.,._.,._.,._.,._.,._.,._.,._.,._.,._.,._.,._.,._.,._.,._.,._
-- Rates of Bra50 with mt5 in 2024-08-08 17:18:23.256759 --
-- Bra50 Período disponível: 2024-08-06 20:20:00+00:00 a 2024-08-08 22:15:00+00:00

__________ print_dataframe __________________________________________________
                              close      zone  atrs  ema20  afs aroon stoch
time                                                                       
2024-08-08 14:00:00+00:00 127390.00  09:00:00        False 0.07  down  None
2024-08-08 14:05:00+00:00 127605.00  09:05:00  True        1.11  None  None
2024-08-08 14:10:00+00:00 127575.00  09:10:00         True 0.95  None  None
2024-08-08 14:15:00+00:00 127535.00  09:15:00         True 0.66  None  None
2024-08-08 14:20:00+00:00 127425.00  09:20:00              0.12  None  None
2024-08-08 14:25:00+00:00 127455.00  09:25:00              0.09  None  None
2024-08-08 14:30:00+00:00 127645.00  09:30:00  True        1.07  None  None
2024-08-08 14:35:00+00:00 127625.00  09:35:00         True 0.88  None  None
2024-08-08 14:40:00+00:00 127615.00  09:40:00         True 0.82  None  None
2024-08-08 14:45:00+00:00 127545.00  09:45:00         True 0.34   mid  None
2024-08-08 14:50:00+00:00 127510.00  09:50:00         True 0.10   mid  None
2024-08-08 14:55:00+00:00 127430.00  09:55:00              0.49   mid  None
2024-08-08 15:00:00+00:00 127770.00  10:00:00  True        1.47    up  None
2024-08-08 15:05:00+00:00 127690.00  10:05:00         True 0.91    up  None
2024-08-08 15:10:00+00:00 127675.00  10:10:00         True 0.77    up  None
2024-08-08 15:15:00+00:00 127715.00  10:15:00         True 0.96    up  None
2024-08-08 15:20:00+00:00 127865.00  10:20:00         True 1.47  None  None
2024-08-08 15:25:00+00:00 127950.00  10:25:00         True 1.73    up  None
2024-08-08 15:30:00+00:00 127910.00  10:30:00         True 1.38    up  None
2024-08-08 15:35:00+00:00 127995.00  10:35:00         True 1.65    up  None
2024-08-08 15:40:00+00:00 127915.00  10:40:00         True 1.18  None    up
2024-08-08 15:45:00+00:00 128080.00  10:45:00         True 1.85  None    up
2024-08-08 15:50:00+00:00 128185.00  10:50:00         True 2.27  None    up
2024-08-08 15:55:00+00:00 128200.00  10:55:00         True 2.36    up    up
2024-08-08 16:00:00+00:00 128240.00  11:00:00         True 2.50    up    up
2024-08-08 16:05:00+00:00 128305.00  11:05:00         True 2.73    up    up
2024-08-08 16:10:00+00:00 128365.00  11:10:00         True 2.88    up    up
2024-08-08 16:15:00+00:00 128345.00  11:15:00         True 2.68    up    up
2024-08-08 16:20:00+00:00 128405.00  11:20:00         True 2.94    up    up
2024-08-08 16:25:00+00:00 128400.00  11:25:00         True 2.79    up    up
2024-08-08 16:30:00+00:00 128445.00  11:30:00         True 2.82    up    up
2024-08-08 16:35:00+00:00 128425.00  11:35:00         True 2.56    up    up
2024-08-08 16:40:00+00:00 128460.00  11:40:00         True 2.71    up    up
2024-08-08 16:45:00+00:00 128495.00  11:45:00         True 2.76    up    up
2024-08-08 16:50:00+00:00 128450.00  11:50:00         True 2.23    up    up
2024-08-08 16:55:00+00:00 128420.00  11:55:00         True 1.88    up    up
2024-08-08 17:00:00+00:00 128440.00  12:00:00         True 1.95   mid    up
2024-08-08 17:05:00+00:00 128460.00  12:05:00         True 2.11   mid  None
2024-08-08 17:10:00+00:00 128405.00  12:10:00         True 1.33   mid  None
2024-08-08 17:15:00+00:00 128405.00  12:15:00         True 1.29   mid  None
2024-08-08 17:20:00+00:00 128420.00  12:20:00         True 1.26   mid  None
2024-08-08 17:25:00+00:00 128470.00  12:25:00         True 1.63  None  None
2024-08-08 17:30:00+00:00 128580.00  12:30:00         True 2.28    up  None
2024-08-08 17:35:00+00:00 128560.00  12:35:00         True 2.01    up  None
2024-08-08 17:40:00+00:00 128640.00  12:40:00         True 2.55    up  None
2024-08-08 17:45:00+00:00 128660.00  12:45:00         True 2.61  None  None
2024-08-08 17:50:00+00:00 128655.00  12:50:00         True 2.48  None  None
2024-08-08 17:55:00+00:00 128645.00  12:55:00         True 2.37  None    up
2024-08-08 18:00:00+00:00 128620.00  13:00:00         True 1.96   mid    up
2024-08-08 18:05:00+00:00 128600.00  13:05:00         True 1.51   mid    up
2024-08-08 18:10:00+00:00 128555.00  13:10:00         True 0.79   mid  None
2024-08-08 18:15:00+00:00 128540.00  13:15:00         True 0.57   mid  None
2024-08-08 18:20:00+00:00 128575.00  13:20:00         True 1.06   mid  None
2024-08-08 18:25:00+00:00 128565.00  13:25:00              0.76  None  None
2024-08-08 18:30:00+00:00 128555.00  13:30:00         True 0.60  None  None
2024-08-08 18:35:00+00:00 128540.00  13:35:00              0.33  None  None
2024-08-08 18:40:00+00:00 128545.00  13:40:00              0.36  None  None
2024-08-08 18:45:00+00:00 128580.00  13:45:00         True 0.83  down  None
2024-08-08 18:50:00+00:00 128555.00  13:50:00         True 0.42  down  None
2024-08-08 18:55:00+00:00 128570.00  13:55:00         True 0.66   mid  None
2024-08-08 19:00:00+00:00 128525.00  14:00:00              0.12   mid  None
2024-08-08 19:05:00+00:00 128465.00  14:05:00              0.94  down  None
2024-08-08 19:10:00+00:00 128475.00  14:10:00        False 0.72  down  None
2024-08-08 19:15:00+00:00 128540.00  14:15:00              0.26  down  None
2024-08-08 19:20:00+00:00 128535.00  14:20:00         True 0.17  down  None
2024-08-08 19:25:00+00:00 128565.00  14:25:00         True 0.58  None  None
2024-08-08 19:30:00+00:00 128585.00  14:30:00         True 0.84  None  None
2024-08-08 19:35:00+00:00 128590.00  14:35:00         True 0.76  None  None
2024-08-08 19:40:00+00:00 128665.00  14:40:00         True 1.57  None  None
2024-08-08 19:45:00+00:00 128650.00  14:45:00         True 1.16  None  None
2024-08-08 19:50:00+00:00 128615.00  14:50:00         True 0.65  None  None
2024-08-08 19:55:00+00:00 128580.00  14:55:00              0.18  None  None
2024-08-08 20:00:00+00:00 128590.00  15:00:00              0.30   mid  None
2024-08-08 20:05:00+00:00 128570.00  15:05:00              0.01   mid  None
2024-08-08 20:10:00+00:00 128685.00  15:10:00              1.26   mid  None
2024-08-08 20:15:00+00:00 128640.00  15:15:00         True 0.67   mid  None
2024-08-08 20:20:00+00:00 128725.00  15:20:00         True 1.36    up  None
2024-08-08 20:25:00+00:00 128725.00  15:25:00         True 1.27    up  None
2024-08-08 20:30:00+00:00 128730.00  15:30:00         True 1.24    up  None
2024-08-08 20:35:00+00:00 128765.00  15:35:00         True 1.51    up  None
2024-08-08 20:40:00+00:00 128690.00  15:40:00         True 0.56    up  None
2024-08-08 20:45:00+00:00 128680.00  15:45:00         True 0.42  None  None
2024-08-08 20:50:00+00:00 128660.00  15:50:00              0.16   mid  None
2024-08-08 20:55:00+00:00 128670.00  15:55:00              0.27   mid  None
2024-08-08 21:00:00+00:00 128600.00  16:00:00              0.54   mid  None
2024-08-08 21:05:00+00:00 128580.00  16:05:00        False 0.76   mid  None
2024-08-08 21:10:00+00:00 128630.00  16:10:00              0.09   mid  None
2024-08-08 21:15:00+00:00 128615.00  16:15:00              0.27  None  None
2024-08-08 21:20:00+00:00 128575.00  16:20:00        False 0.72  None  None
2024-08-08 21:25:00+00:00 128555.00  16:25:00        False 0.97  None  None
2024-08-08 21:30:00+00:00 128575.00  16:30:00        False 0.63  None  None
2024-08-08 21:35:00+00:00 128595.00  16:35:00              0.29  down  down
2024-08-08 21:40:00+00:00 128605.00  16:40:00              0.14  down  down
2024-08-08 21:45:00+00:00 128620.00  16:45:00              0.08   mid  None
2024-08-08 21:50:00+00:00 128600.00  16:50:00              0.23   mid  None
2024-08-08 21:55:00+00:00 128575.00  16:55:00        False 0.59   mid  None
2024-08-08 22:00:00+00:00 128640.00  17:00:00              0.35  down  None
2024-08-08 22:05:00+00:00 128730.00  17:05:00         True 1.31  None  None
2024-08-08 22:10:00+00:00 128735.00  17:10:00         True 1.35  None  None
2024-08-08 22:15:00+00:00 128755.00  17:15:00         True 1.56  None  None

..........	 technical analysis 	..................................................
open                : 128725.0
high                : 128760.0
low                 : 128710.0
close               : 128735.0
zone                : 17:10:00
atrs                : 
ema20               : True
afs                 : 1.3465191256109987
aroon               : None
stoch               : None
.,._.,._.,._.,._.,._.,._.,._.,._.,._.,._.,._.,._.,._.,._.,._.,._.,._.,._.,._.,._
-- Rates of Bra50 with mt5 in 2024-08-08 17:18:30.224105 --
